<?xml version="1.0" encoding="UTF-8"?>
<!-- Generated by org.testng.reporters.JUnitReportReporter -->
<testsuite hostname="LAPTOP-QS1S87MJ" failures="0" tests="1" name="pomTestFIles.LoginTest" time="6.790" errors="0" timestamp="2024-03-22T12:26:47 IST" skipped="0">
  <testcase classname="pomTestFIles.LoginTest" name="logintest" time="6.790"/>
</testsuite> <!-- pomTestFIles.LoginTest -->
