<?xml version="1.0" encoding="UTF-8"?>
<!-- Generated by org.testng.reporters.JUnitReportReporter -->
<testsuite hostname="LAPTOP-QS1S87MJ" failures="0" tests="1" name="selenium.HandlingInputs" time="7.431" errors="0" timestamp="2024-03-16T02:27:46 IST" skipped="0">
  <testcase classname="selenium.HandlingInputs" name="Inputs" time="7.431"/>
</testsuite> <!-- selenium.HandlingInputs -->
