<?xml version="1.0" encoding="UTF-8"?>
<!-- Generated by org.testng.reporters.JUnitReportReporter -->
<testsuite hostname="LAPTOP-QS1S87MJ" failures="0" tests="1" name="testNG_Basic1.GoogleSearch" time="4.135" errors="0" timestamp="2024-03-20T00:12:26 IST" skipped="0">
  <testcase classname="testNG_Basic1.GoogleSearch" name="main" time="4.135"/>
</testsuite> <!-- testNG_Basic1.GoogleSearch -->
