<?xml version="1.0" encoding="UTF-8"?>
<!-- Generated by org.testng.reporters.JUnitReportReporter -->
<testsuite hostname="LAPTOP-QS1S87MJ" failures="0" tests="1" name="annotations.Annotations_Basic" time="0.015" errors="0" timestamp="2024-03-21T23:04:34 IST" skipped="0">
  <testcase classname="annotations.Annotations_Basic" name="Test" time="0.015"/>
</testsuite> <!-- annotations.Annotations_Basic -->
