<?xml version="1.0" encoding="UTF-8"?>
<!-- Generated by org.testng.reporters.JUnitReportReporter -->
<testsuite hostname="LAPTOP-QS1S87MJ" failures="0" tests="1" name="testNG_Basic.HandlingInputs" time="4.332" errors="0" timestamp="2024-03-16T14:03:16 IST" skipped="0">
  <testcase classname="testNG_Basic.HandlingInputs" name="Inputs" time="4.332"/>
</testsuite> <!-- testNG_Basic.HandlingInputs -->
