<?xml version="1.0" encoding="UTF-8"?>
<!-- Generated by org.testng.reporters.JUnitReportReporter -->
<testsuite hostname="LAPTOP-QS1S87MJ" failures="0" tests="4" name="testNG_Basic.SetPriority" time="0.035" errors="0" timestamp="2024-03-16T16:13:20 IST" skipped="0">
  <testcase classname="testNG_Basic.SetPriority" name="welcome" time="0.026"/>
  <testcase classname="testNG_Basic.SetPriority" name="signUp" time="0.003"/>
  <testcase classname="testNG_Basic.SetPriority" name="login" time="0.003"/>
  <testcase classname="testNG_Basic.SetPriority" name="search" time="0.003"/>
</testsuite> <!-- testNG_Basic.SetPriority -->
