<?xml version="1.0" encoding="UTF-8"?>
<!-- Generated by org.testng.reporters.JUnitReportReporter -->
<testsuite hostname="LAPTOP-QS1S87MJ" failures="0" tests="1" name="dummy.New" time="0.017" errors="0" timestamp="2024-03-16T02:16:31 IST" skipped="0">
  <testcase classname="dummy.New" name="get" time="0.017"/>
</testsuite> <!-- dummy.New -->
