<?xml version="1.0" encoding="UTF-8"?>
<!-- Generated by org.testng.reporters.JUnitReportReporter -->
<testsuite hostname="LAPTOP-QS1S87MJ" failures="0" tests="2" name="testNG_Basic.DataProvider_WithoutInheritance_WithDataProviderClass" time="12.635" errors="0" timestamp="2024-03-18T01:41:55 IST" skipped="0">
  <testcase classname="testNG_Basic.DataProvider_WithoutInheritance_WithDataProviderClass" name="Signin" time="6.502"/>
  <testcase classname="testNG_Basic.DataProvider_WithoutInheritance_WithDataProviderClass" name="Signin" time="6.133"/>
</testsuite> <!-- testNG_Basic.DataProvider_WithoutInheritance_WithDataProviderClass -->
