<?xml version="1.0" encoding="UTF-8"?>
<!-- Generated by org.testng.reporters.JUnitReportReporter -->
<testsuite hostname="LAPTOP-QS1S87MJ" failures="0" tests="1" name="selenium.DragAndDrop" time="14.103" errors="0" timestamp="2024-03-16T04:46:33 IST" skipped="0">
  <testcase classname="selenium.DragAndDrop" name="Drag" time="14.103"/>
</testsuite> <!-- selenium.DragAndDrop -->
