<?xml version="1.0" encoding="UTF-8"?>
<!-- Generated by org.testng.reporters.JUnitReportReporter -->
<testsuite hostname="LAPTOP-QS1S87MJ" failures="0" tests="1" name="testNG_Basic.Invocation_Timeout" time="4.440" errors="0" timestamp="2024-03-16T14:42:39 IST" skipped="0">
  <testcase classname="testNG_Basic.Invocation_Timeout" name="Invocating1" time="4.440"/>
</testsuite> <!-- testNG_Basic.Invocation_Timeout -->
