<?xml version="1.0" encoding="UTF-8"?>
<!-- Generated by org.testng.reporters.JUnitReportReporter -->
<testsuite hostname="LAPTOP-QS1S87MJ" failures="0" tests="1" name="testNG_Basic.Parameters" time="8.676" errors="0" timestamp="2024-03-18T00:00:57 IST" skipped="0">
  <testcase classname="testNG_Basic.Parameters" name="para" time="8.676"/>
</testsuite> <!-- testNG_Basic.Parameters -->
