<?xml version="1.0" encoding="UTF-8"?>
<!-- Generated by org.testng.reporters.JUnitReportReporter -->
<testsuite hostname="LAPTOP-QS1S87MJ" failures="0" tests="2" name="testNG_Basic.DataProvider_Inheritance" time="11.241" errors="0" timestamp="2024-03-18T01:36:02 IST" skipped="0">
  <testcase classname="testNG_Basic.DataProvider_Inheritance" name="Signin" time="5.579"/>
  <testcase classname="testNG_Basic.DataProvider_Inheritance" name="Signin" time="5.662"/>
</testsuite> <!-- testNG_Basic.DataProvider_Inheritance -->
