<?xml version="1.0" encoding="UTF-8"?>
<!-- Generated by org.testng.reporters.JUnitReportReporter -->
<testsuite hostname="LAPTOP-QS1S87MJ" failures="0" tests="2" name="testNG_Basic.CrossBrowserTesting" time="15.473" errors="0" timestamp="2024-03-18T00:46:06 IST" skipped="0">
  <testcase classname="testNG_Basic.CrossBrowserTesting" name="para" time="6.560"/>
  <testcase classname="testNG_Basic.CrossBrowserTesting" name="para" time="8.913"/>
</testsuite> <!-- testNG_Basic.CrossBrowserTesting -->
