<?xml version="1.0" encoding="UTF-8"?>
<!-- Generated by org.testng.reporters.JUnitReportReporter -->
<testsuite hostname="LAPTOP-QS1S87MJ" failures="0" tests="3" name="testNG_Basic.ASCII_Order" time="0.012" errors="0" timestamp="2024-03-16T14:19:51 IST" skipped="0">
  <testcase classname="testNG_Basic.ASCII_Order" name="signUp" time="0.001"/>
  <testcase classname="testNG_Basic.ASCII_Order" name="search" time="0.002"/>
  <testcase classname="testNG_Basic.ASCII_Order" name="login" time="0.009"/>
</testsuite> <!-- testNG_Basic.ASCII_Order -->
