<?xml version="1.0" encoding="UTF-8"?>
<!-- Generated by org.testng.reporters.JUnitReportReporter -->
<testsuite hostname="LAPTOP-QS1S87MJ" failures="0" tests="2" name="testNG_Basic.DependsOnMethod" time="0.007" errors="0" timestamp="2024-03-16T16:13:20 IST" skipped="0">
  <testcase classname="testNG_Basic.DependsOnMethod" name="login" time="0.003"/>
  <testcase classname="testNG_Basic.DependsOnMethod" name="searching" time="0.004"/>
</testsuite> <!-- testNG_Basic.DependsOnMethod -->
