<?xml version="1.0" encoding="UTF-8"?>
<!-- Generated by org.testng.reporters.JUnitReportReporter -->
<testsuite hostname="LAPTOP-QS1S87MJ" failures="0" tests="1" name="testNG_Basic.Test_Connection" time="0.016" errors="0" timestamp="2024-03-16T04:54:31 IST" skipped="0">
  <testcase classname="testNG_Basic.Test_Connection" name="get" time="0.016"/>
</testsuite> <!-- testNG_Basic.Test_Connection -->
