<?xml version="1.0" encoding="UTF-8"?>
<!-- Generated by org.testng.reporters.JUnitReportReporter -->
<testsuite hostname="LAPTOP-QS1S87MJ" failures="0" tests="3" name="testNG_Basic.Invocation" time="10.587" errors="0" timestamp="2024-03-16T14:32:09 IST" skipped="0">
  <testcase classname="testNG_Basic.Invocation" name="Invocating" time="3.484"/>
  <testcase classname="testNG_Basic.Invocation" name="Invocating" time="3.223"/>
  <testcase classname="testNG_Basic.Invocation" name="Invocating" time="3.880"/>
</testsuite> <!-- testNG_Basic.Invocation -->
