<?xml version="1.0" encoding="UTF-8"?>
<!-- Generated by org.testng.reporters.JUnitReportReporter -->
<testsuite hostname="LAPTOP-QS1S87MJ" failures="0" tests="2" name="testNG_Basic.DataProvider_Indices_Script" time="11.518" errors="0" timestamp="2024-03-18T02:02:08 IST" skipped="0">
  <testcase classname="testNG_Basic.DataProvider_Indices_Script" name="Signin" time="5.641"/>
  <testcase classname="testNG_Basic.DataProvider_Indices_Script" name="Signin" time="5.877"/>
</testsuite> <!-- testNG_Basic.DataProvider_Indices_Script -->
