<?xml version="1.0" encoding="UTF-8"?>
<!-- Generated by org.testng.reporters.JUnitReportReporter -->
<testsuite hostname="LAPTOP-QS1S87MJ" failures="0" tests="1" name="testNG_Basic.Groups" time="0.011" errors="0" timestamp="2024-03-17T23:17:30 IST" skipped="0">
  <testcase classname="testNG_Basic.Groups" name="login" time="0.011"/>
</testsuite> <!-- testNG_Basic.Groups -->
