<?xml version="1.0" encoding="UTF-8"?>
<!-- Generated by org.testng.reporters.JUnitReportReporter -->
<testsuite hostname="LAPTOP-QS1S87MJ" failures="0" tests="3" name="testNG_Basic.ThreadPool" time="14.992" errors="0" timestamp="2024-03-17T00:16:09 IST" skipped="0">
  <testcase classname="testNG_Basic.ThreadPool" name="search" time="4.818"/>
  <testcase classname="testNG_Basic.ThreadPool" name="search" time="5.280"/>
  <testcase classname="testNG_Basic.ThreadPool" name="search" time="4.894"/>
</testsuite> <!-- testNG_Basic.ThreadPool -->
