<?xml version="1.0" encoding="UTF-8"?>
<!-- Generated by org.testng.reporters.JUnitReportReporter -->
<testsuite hostname="LAPTOP-QS1S87MJ" failures="0" tests="2" name="testNG_Basic.DataProvider" time="15.038" errors="0" timestamp="2024-03-18T01:27:14 IST" skipped="0">
  <testcase classname="testNG_Basic.DataProvider" name="Signin" time="6.172"/>
  <testcase classname="testNG_Basic.DataProvider" name="Signin" time="8.866"/>
</testsuite> <!-- testNG_Basic.DataProvider -->
