<?xml version="1.0" encoding="UTF-8"?>
<!-- Generated by org.testng.reporters.JUnitReportReporter -->
<testsuite hostname="LAPTOP-QS1S87MJ" failures="0" tests="2" name="testNG_Basic.DataProvider_WithoutInheritance_WithDataProviderClass" time="12.262" errors="0" timestamp="2024-03-21T13:27:30 IST" skipped="0">
  <testcase classname="testNG_Basic.DataProvider_WithoutInheritance_WithDataProviderClass" name="Signin" time="4.300"/>
  <testcase classname="testNG_Basic.DataProvider_WithoutInheritance_WithDataProviderClass" name="Signin" time="7.962"/>
</testsuite> <!-- testNG_Basic.DataProvider_WithoutInheritance_WithDataProviderClass -->
