<?xml version="1.0" encoding="UTF-8"?>
<!-- Generated by org.testng.reporters.JUnitReportReporter -->
<testsuite hostname="LAPTOP-QS1S87MJ" failures="0" tests="3" name="testNG_Basic.GoogleSearch" time="12.651" errors="0" timestamp="2024-03-17T00:12:31 IST" skipped="0">
  <testcase classname="testNG_Basic.GoogleSearch" name="search" time="4.458"/>
  <testcase classname="testNG_Basic.GoogleSearch" name="search" time="4.329"/>
  <testcase classname="testNG_Basic.GoogleSearch" name="search" time="3.864"/>
</testsuite> <!-- testNG_Basic.GoogleSearch -->
