<?xml version="1.0" encoding="UTF-8"?>
<!-- Generated by org.testng.reporters.JUnitReportReporter -->
<testsuite hostname="LAPTOP-QS1S87MJ" failures="0" tests="1" name="testNG_Basic.HandlingInputs" time="3.150" errors="0" timestamp="2024-03-16T05:14:32 IST" skipped="0">
  <testcase classname="testNG_Basic.HandlingInputs" name="Inputs" time="3.150"/>
</testsuite> <!-- testNG_Basic.HandlingInputs -->
